[debug] [2025-11-30T15:34:21.096Z] ----------------------------------------------------------------------
[debug] [2025-11-30T15:34:21.099Z] Command:       /nix/store/ws50yvm6vzlzf7jzz6n7xh4szddrack1-nodejs-20.19.1/bin/node /nix/store/12bms99s479knhxggq0wrjfch7rhy26s-firebase-tools-14.24.1/lib/node_modules/firebase-tools/lib/bin/firebase.js init hosting
[debug] [2025-11-30T15:34:21.099Z] CLI Version:   14.24.1
[debug] [2025-11-30T15:34:21.099Z] Platform:      linux
[debug] [2025-11-30T15:34:21.100Z] Node Version:  v20.19.1
[debug] [2025-11-30T15:34:21.100Z] Time:          Sun Nov 30 2025 15:34:21 GMT+0000 (Coordinated Universal Time)
[debug] [2025-11-30T15:34:21.100Z] ----------------------------------------------------------------------
[debug] 
[debug] [2025-11-30T15:34:21.103Z] >>> [apiv2][query] GET https://firebase-public.firebaseio.com/cli.json [none]
[debug] [2025-11-30T15:34:21.155Z] No OAuth tokens found
[debug] [2025-11-30T15:34:21.155Z] No OAuth tokens found
[error] Failed to fetch Firebase Project from current Studio Workspace: Unable to refresh auth: not yet authenticated.
[info] 
     ######## #### ########  ######## ########     ###     ######  ########
     ##        ##  ##     ## ##       ##     ##  ##   ##  ##       ##
     ######    ##  ########  ######   ########  #########  ######  ######
     ##        ##  ##    ##  ##       ##     ## ##     ##       ## ##
     ##       #### ##     ## ######## ########  ##     ##  ######  ########

You're about to initialize a Firebase project in this directory:

  /home/user/Zodiac

[info] 
=== Project Setup
[info] 
[info] First, let's associate this project directory with a Firebase project.
[info] You can create multiple project aliases by running firebase use --add, 
[info] 
[debug] [2025-11-30T15:34:21.541Z] <<< [apiv2][status] GET https://firebase-public.firebaseio.com/cli.json 200
[debug] [2025-11-30T15:34:21.542Z] <<< [apiv2][body] GET https://firebase-public.firebaseio.com/cli.json {"cloudBuildErrorAfter":1594252800000,"cloudBuildWarnAfter":1590019200000,"defaultNode10After":1594252800000,"minVersion":"3.0.5","node8DeploysDisabledAfter":1613390400000,"node8RuntimeDisabledAfter":1615809600000,"node8WarnAfter":1600128000000}
